21:27:11 **** Incremental Build of configuration Debug for project Tic_Tac_Toe_01 ****
make -j8 all 
arm-none-eabi-size  Tic_Tac_Toe_01.elf 
   text	   data	    bss	    dec	    hex	filename
  24528	    104	   2136	  26768	   6890	Tic_Tac_Toe_01.elf
Finished building: default.size.stdout
 
21:28:45 **** Incremental Build of configuration Debug for project Tic_Tac_Toe_01 ****
make -j8 all 
arm-none-eabi-size  Tic_Tac_Toe_01.elf 
   text	   data	    bss	    dec	    hex	filename
  24528	    104	   2136	  26768	   6890	Tic_Tac_Toe_01.elf
Finished building: default.size.stdout
 
21:40:12 **** Build of configuration Debug for project Tic_Tac_Toe_01 ****
make -j8 all 
arm-none-eabi-size  Tic_Tac_Toe_01.elf 
   text	   data	    bss	    dec	    hex	filename
  24528	    104	   2136	  26768	   6890	Tic_Tac_Toe_01.elf
Finished building: default.size.stdout
 
21:40:23 **** Incremental Build of configuration Debug for project Tic_Tac_Toe_01 ****
make -j8 all 
arm-none-eabi-size  Tic_Tac_Toe_01.elf 
   text	   data	    bss	    dec	    hex	filename
  24528	    104	   2136	  26768	   6890	Tic_Tac_Toe_01.elf
Finished building: default.size.stdout
 
21:41:26 **** Incremental Build of configuration Debug for project Tic_Tac_Toe_01 ****
make -j8 all 
arm-none-eabi-size  Tic_Tac_Toe_01.elf 
   text	   data	    bss	    dec	    hex	filename
  24528	    104	   2136	  26768	   6890	Tic_Tac_Toe_01.elf
Finished building: default.size.stdout
 
21:41:58 **** Incremental Build of configuration Debug for project Tic_Tac_Toe_01 ****
make -j8 all 
arm-none-eabi-size  Tic_Tac_Toe_01.elf 
   text	   data	    bss	    dec	    hex	filename
  24528	    104	   2136	  26768	   6890	Tic_Tac_Toe_01.elf
Finished building: default.size.stdout
 
21:51:37 **** Incremental Build of configuration Debug for project Tic_Tac_Toe_01 ****
make -j8 all 
arm-none-eabi-size  Tic_Tac_Toe_01.elf 
   text	   data	    bss	    dec	    hex	filename
  24528	    104	   2136	  26768	   6890	Tic_Tac_Toe_01.elf
Finished building: default.size.stdout
 
21:51:42 **** Incremental Build of configuration Debug for project Tic_Tac_Toe_01 ****
make -j8 all 
arm-none-eabi-size  Tic_Tac_Toe_01.elf 
   text	   data	    bss	    dec	    hex	filename
  24528	    104	   2136	  26768	   6890	Tic_Tac_Toe_01.elf
Finished building: default.size.stdout
 
21:57:09 **** Incremental Build of configuration Debug for project Tic_Tac_Toe_01 ****
make -j8 all 
arm-none-eabi-size  Tic_Tac_Toe_01.elf 
   text	   data	    bss	    dec	    hex	filename
  24528	    104	   2136	  26768	   6890	Tic_Tac_Toe_01.elf
Finished building: default.size.stdout
 
22:01:25 **** Incremental Build of configuration Debug for project Tic_Tac_Toe_01 ****
make -j8 all 
arm-none-eabi-size  Tic_Tac_Toe_01.elf 
   text	   data	    bss	    dec	    hex	filename
  24528	    104	   2136	  26768	   6890	Tic_Tac_Toe_01.elf
Finished building: default.size.stdout
 
22:02:26 **** Incremental Build of configuration Debug for project Tic_Tac_Toe_01 ****
make -j8 all 
arm-none-eabi-size  Tic_Tac_Toe_01.elf 
   text	   data	    bss	    dec	    hex	filename
  24528	    104	   2136	  26768	   6890	Tic_Tac_Toe_01.elf
Finished building: default.size.stdout
 
22:03:51 **** Incremental Build of configuration Debug for project Tic_Tac_Toe_01 ****
make -j8 all 
arm-none-eabi-size  Tic_Tac_Toe_01.elf 
   text	   data	    bss	    dec	    hex	filename
  24528	    104	   2136	  26768	   6890	Tic_Tac_Toe_01.elf
Finished building: default.size.stdout
 
